<?xml version="1.0" encoding="UTF-8"?>
<!-- Generated by org.testng.reporters.JUnitReportReporter -->
<testsuite hostname="HusseinGadalla" failures="0" tests="1" name="Swvl.appium.HelloAppium" time="22.366" errors="0" timestamp="2021-04-11T23:28:01 EET" skipped="0">
  <testcase classname="Swvl.appium.HelloAppium" name="openApplication" time="22.366"/>
  <system-out/>
</testsuite> <!-- Swvl.appium.HelloAppium -->
